# JRE version: OpenJDK Runtime Environment (8.0_152-b06) (build 1.8.0_152-release-1136-b06)
# Java VM: OpenJDK 64-Bit Server VM (25.152-b06 mixed mode windows-amd64 compressed oops)
Heap:
 PSYoungGen      total 217088K, used 209342K [0x00000000eab00000, 0x00000000fa980000, 0x0000000100000000)
  eden space 195072K, 96% used [0x00000000eab00000,0x00000000f61f0510,0x00000000f6980000)
  from space 22016K, 99% used [0x00000000f8600000,0x00000000f9b7f5b0,0x00000000f9b80000)
  to   space 29184K, 0% used [0x00000000f6980000,0x00000000f6980000,0x00000000f8600000)
 ParOldGen       total 155136K, used 71101K [0x00000000c0000000, 0x00000000c9780000, 0x00000000eab00000)
  object space 155136K, 45% used [0x00000000c0000000,0x00000000c456f748,0x00000000c9780000)
 Metaspace       used 82912K, capacity 85832K, committed 86144K, reserved 1124352K
  class space    used 10618K, capacity 11279K, committed 11392K, reserved 1048576K
GC Heap History (10 events):
Event: 46.076 GC heap before
{Heap before GC invocations=17 (full 3):
 PSYoungGen      total 146944K, used 127488K [0x00000000eab00000, 0x00000000f7980000, 0x0000000100000000)
  eden space 127488K, 100% used [0x00000000eab00000,0x00000000f2780000,0x00000000f2780000)
  from space 19456K, 0% used [0x00000000f2780000,0x00000000f2780000,0x00000000f3a80000)
  to   space 19456K, 0% used [0x00000000f6680000,0x00000000f6680000,0x00000000f7980000)
 ParOldGen       total 155136K, used 45232K [0x00000000c0000000, 0x00000000c9780000, 0x00000000eab00000)
  object space 155136K, 29% used [0x00000000c0000000,0x00000000c2c2c040,0x00000000c9780000)
 Metaspace       used 61557K, capacity 63764K, committed 63872K, reserved 1103872K
  class space    used 8241K, capacity 8761K, committed 8832K, reserved 1048576K
Event: 46.089 GC heap after
Heap after GC invocations=17 (full 3):
 PSYoungGen      total 162304K, used 7052K [0x00000000eab00000, 0x00000000f6d80000, 0x0000000100000000)
  eden space 155136K, 0% used [0x00000000eab00000,0x00000000eab00000,0x00000000f4280000)
  from space 7168K, 98% used [0x00000000f6680000,0x00000000f6d63000,0x00000000f6d80000)
  to   space 18944K, 0% used [0x00000000f4880000,0x00000000f4880000,0x00000000f5b00000)
 ParOldGen       total 155136K, used 45240K [0x00000000c0000000, 0x00000000c9780000, 0x00000000eab00000)
  object space 155136K, 29% used [0x00000000c0000000,0x00000000c2c2e040,0x00000000c9780000)
 Metaspace       used 61557K, capacity 63764K, committed 63872K, reserved 1103872K
  class space    used 8241K, capacity 8761K, committed 8832K, reserved 1048576K
}
Event: 58.910 GC heap before
{Heap before GC invocations=18 (full 3):
 PSYoungGen      total 162304K, used 162188K [0x00000000eab00000, 0x00000000f6d80000, 0x0000000100000000)
  eden space 155136K, 100% used [0x00000000eab00000,0x00000000f4280000,0x00000000f4280000)
  from space 7168K, 98% used [0x00000000f6680000,0x00000000f6d63000,0x00000000f6d80000)
  to   space 18944K, 0% used [0x00000000f4880000,0x00000000f4880000,0x00000000f5b00000)
 ParOldGen       total 155136K, used 45240K [0x00000000c0000000, 0x00000000c9780000, 0x00000000eab00000)
  object space 155136K, 29% used [0x00000000c0000000,0x00000000c2c2e040,0x00000000c9780000)
 Metaspace       used 66577K, capacity 69020K, committed 69376K, reserved 1110016K
  class space    used 8785K, capacity 9385K, committed 9472K, reserved 1048576K
Event: 59.004 GC heap after
Heap after GC invocations=18 (full 3):
 PSYoungGen      total 180224K, used 18930K [0x00000000eab00000, 0x00000000f8d00000, 0x0000000100000000)
  eden space 161280K, 0% used [0x00000000eab00000,0x00000000eab00000,0x00000000f4880000)
  from space 18944K, 99% used [0x00000000f4880000,0x00000000f5afc930,0x00000000f5b00000)
  to   space 23040K, 0% used [0x00000000f7680000,0x00000000f7680000,0x00000000f8d00000)
 ParOldGen       total 155136K, used 48475K [0x00000000c0000000, 0x00000000c9780000, 0x00000000eab00000)
  object space 155136K, 31% used [0x00000000c0000000,0x00000000c2f56fa8,0x00000000c9780000)
 Metaspace       used 66577K, capacity 69020K, committed 69376K, reserved 1110016K
  class space    used 8785K, capacity 9385K, committed 9472K, reserved 1048576K
}
Event: 199.047 GC heap before
{Heap before GC invocations=19 (full 3):
 PSYoungGen      total 180224K, used 180210K [0x00000000eab00000, 0x00000000f8d00000, 0x0000000100000000)
  eden space 161280K, 100% used [0x00000000eab00000,0x00000000f4880000,0x00000000f4880000)
  from space 18944K, 99% used [0x00000000f4880000,0x00000000f5afc930,0x00000000f5b00000)
  to   space 23040K, 0% used [0x00000000f7680000,0x00000000f7680000,0x00000000f8d00000)
 ParOldGen       total 155136K, used 48475K [0x00000000c0000000, 0x00000000c9780000, 0x00000000eab00000)
  object space 155136K, 31% used [0x00000000c0000000,0x00000000c2f56fa8,0x00000000c9780000)
 Metaspace       used 68564K, capacity 71064K, committed 71424K, reserved 1112064K
  class space    used 8992K, capacity 9619K, committed 9728K, reserved 1048576K
Event: 199.095 GC heap after
Heap after GC invocations=19 (full 3):
 PSYoungGen      total 208384K, used 4483K [0x00000000eab00000, 0x00000000f8e80000, 0x0000000100000000)
  eden space 185344K, 0% used [0x00000000eab00000,0x00000000eab00000,0x00000000f6000000)
  from space 23040K, 19% used [0x00000000f7680000,0x00000000f7ae0dc0,0x00000000f8d00000)
  to   space 23040K, 0% used [0x00000000f6000000,0x00000000f6000000,0x00000000f7680000)
 ParOldGen       total 155136K, used 60262K [0x00000000c0000000, 0x00000000c9780000, 0x00000000eab00000)
  object space 155136K, 38% used [0x00000000c0000000,0x00000000c3ad9a40,0x00000000c9780000)
 Metaspace       used 68564K, capacity 71064K, committed 71424K, reserved 1112064K
  class space    used 8992K, capacity 9619K, committed 9728K, reserved 1048576K
}
Event: 214.006 GC heap before
{Heap before GC invocations=20 (full 3):
 PSYoungGen      total 208384K, used 189783K [0x00000000eab00000, 0x00000000f8e80000, 0x0000000100000000)
  eden space 185344K, 99% used [0x00000000eab00000,0x00000000f5ff50d8,0x00000000f6000000)
  from space 23040K, 19% used [0x00000000f7680000,0x00000000f7ae0dc0,0x00000000f8d00000)
  to   space 23040K, 0% used [0x00000000f6000000,0x00000000f6000000,0x00000000f7680000)
 ParOldGen       total 155136K, used 60262K [0x00000000c0000000, 0x00000000c9780000, 0x00000000eab00000)
  object space 155136K, 38% used [0x00000000c0000000,0x00000000c3ad9a40,0x00000000c9780000)
 Metaspace       used 70353K, capacity 72792K, committed 73088K, reserved 1112064K
  class space    used 9192K, capacity 9797K, committed 9856K, reserved 1048576K
Event: 214.043 GC heap after
Heap after GC invocations=20 (full 3):
 PSYoungGen      total 208384K, used 9073K [0x00000000eab00000, 0x00000000f9b80000, 0x0000000100000000)
  eden space 185344K, 0% used [0x00000000eab00000,0x00000000eab00000,0x00000000f6000000)
  from space 23040K, 39% used [0x00000000f6000000,0x00000000f68dc540,0x00000000f7680000)
  to   space 22016K, 0% used [0x00000000f8600000,0x00000000f8600000,0x00000000f9b80000)
 ParOldGen       total 155136K, used 60270K [0x00000000c0000000, 0x00000000c9780000, 0x00000000eab00000)
  object space 155136K, 38% used [0x00000000c0000000,0x00000000c3adba40,0x00000000c9780000)
 Metaspace       used 70353K, capacity 72792K, committed 73088K, reserved 1112064K
  class space    used 9192K, capacity 9797K, committed 9856K, reserved 1048576K
}
Event: 231.347 GC heap before
{Heap before GC invocations=21 (full 3):
 PSYoungGen      total 208384K, used 194417K [0x00000000eab00000, 0x00000000f9b80000, 0x0000000100000000)
  eden space 185344K, 100% used [0x00000000eab00000,0x00000000f6000000,0x00000000f6000000)
  from space 23040K, 39% used [0x00000000f6000000,0x00000000f68dc540,0x00000000f7680000)
  to   space 22016K, 0% used [0x00000000f8600000,0x00000000f8600000,0x00000000f9b80000)
 ParOldGen       total 155136K, used 60270K [0x00000000c0000000, 0x00000000c9780000, 0x00000000eab00000)
  object space 155136K, 38% used [0x00000000c0000000,0x00000000c3adba40,0x00000000c9780000)
 Metaspace       used 74863K, capacity 77400K, committed 77696K, reserved 1116160K
  class space    used 9622K, capacity 10245K, committed 10368K, reserved 1048576K
Event: 231.500 GC heap after
Heap after GC invocations=21 (full 3):
 PSYoungGen      total 217088K, used 22013K [0x00000000eab00000, 0x00000000fa980000, 0x0000000100000000)
  eden space 195072K, 0% used [0x00000000eab00000,0x00000000eab00000,0x00000000f6980000)
  from space 22016K, 99% used [0x00000000f8600000,0x00000000f9b7f5b0,0x00000000f9b80000)
  to   space 29184K, 0% used [0x00000000f6980000,0x00000000f6980000,0x00000000f8600000)
 ParOldGen       total 155136K, used 71101K [0x00000000c0000000, 0x00000000c9780000, 0x00000000eab00000)
  object space 155136K, 45% used [0x00000000c0000000,0x00000000c456f748,0x00000000c9780000)
 Metaspace       used 74863K, capacity 77400K, committed 77696K, reserved 1116160K
  class space    used 9622K, capacity 10245K, committed 10368K, reserved 1048576K
}

